  Coordination.cpp
  Command.cpp
  Estate.cpp
C:\האחסון שלי\תכנות\תשפד\mobileye embedded\Annak\annak_git\Annak\myGame\Estate.cpp(25,14): warning C4553: '==': result of expression not used; did you intend '='?
  Game.cpp
  Images.cpp
C:\האחסון שלי\תכנות\תשפד\mobileye embedded\Annak\annak_git\Annak\myGame\Images.cpp(241,133): warning C4244: 'argument': conversion from 'double' to 'int', possible loss of data
C:\האחסון שלי\תכנות\תשפד\mobileye embedded\Annak\annak_git\Annak\myGame\Images.cpp(241,121): warning C4244: 'argument': conversion from 'double' to 'int', possible loss of data
C:\האחסון שלי\תכנות\תשפד\mobileye embedded\Annak\annak_git\Annak\myGame\Images.cpp(264,32): warning C4244: '=': conversion from 'double' to '_Ty1', possible loss of data
C:\האחסון שלי\תכנות\תשפד\mobileye embedded\Annak\annak_git\Annak\myGame\Images.cpp(264,32): warning C4244:         with
C:\האחסון שלי\תכנות\תשפד\mobileye embedded\Annak\annak_git\Annak\myGame\Images.cpp(264,32): warning C4244:         [
C:\האחסון שלי\תכנות\תשפד\mobileye embedded\Annak\annak_git\Annak\myGame\Images.cpp(264,32): warning C4244:             _Ty1=int
C:\האחסון שלי\תכנות\תשפד\mobileye embedded\Annak\annak_git\Annak\myGame\Images.cpp(264,32): warning C4244:         ]
C:\האחסון שלי\תכנות\תשפד\mobileye embedded\Annak\annak_git\Annak\myGame\Images.cpp(265,34): warning C4244: '=': conversion from 'double' to '_Ty2', possible loss of data
C:\האחסון שלי\תכנות\תשפד\mobileye embedded\Annak\annak_git\Annak\myGame\Images.cpp(265,34): warning C4244:         with
C:\האחסון שלי\תכנות\תשפד\mobileye embedded\Annak\annak_git\Annak\myGame\Images.cpp(265,34): warning C4244:         [
C:\האחסון שלי\תכנות\תשפד\mobileye embedded\Annak\annak_git\Annak\myGame\Images.cpp(265,34): warning C4244:             _Ty2=int
C:\האחסון שלי\תכנות\תשפד\mobileye embedded\Annak\annak_git\Annak\myGame\Images.cpp(265,34): warning C4244:         ]
C:\האחסון שלי\תכנות\תשפד\mobileye embedded\Annak\annak_git\Annak\myGame\Images.cpp(279,18): warning C4267: 'initializing': conversion from 'size_t' to 'int', possible loss of data
C:\האחסון שלי\תכנות\תשפד\mobileye embedded\Annak\annak_git\Annak\myGame\Images.cpp(280,19): warning C4267: 'initializing': conversion from 'size_t' to 'int', possible loss of data
C:\האחסון שלי\תכנות\תשפד\mobileye embedded\Annak\annak_git\Annak\myGame\Images.cpp(316,45): warning C4244: 'argument': conversion from 'double' to '_Tp', possible loss of data
C:\האחסון שלי\תכנות\תשפד\mobileye embedded\Annak\annak_git\Annak\myGame\Images.cpp(316,45): warning C4244:         with
C:\האחסון שלי\תכנות\תשפד\mobileye embedded\Annak\annak_git\Annak\myGame\Images.cpp(316,45): warning C4244:         [
C:\האחסון שלי\תכנות\תשפד\mobileye embedded\Annak\annak_git\Annak\myGame\Images.cpp(316,45): warning C4244:             _Tp=int
C:\האחסון שלי\תכנות\תשפד\mobileye embedded\Annak\annak_git\Annak\myGame\Images.cpp(316,45): warning C4244:         ]
C:\האחסון שלי\תכנות\תשפד\mobileye embedded\Annak\annak_git\Annak\myGame\Images.cpp(316,38): warning C4244: 'argument': conversion from 'double' to '_Tp', possible loss of data
C:\האחסון שלי\תכנות\תשפד\mobileye embedded\Annak\annak_git\Annak\myGame\Images.cpp(316,38): warning C4244:         with
C:\האחסון שלי\תכנות\תשפד\mobileye embedded\Annak\annak_git\Annak\myGame\Images.cpp(316,38): warning C4244:         [
C:\האחסון שלי\תכנות\תשפד\mobileye embedded\Annak\annak_git\Annak\myGame\Images.cpp(316,38): warning C4244:             _Tp=int
C:\האחסון שלי\תכנות\תשפד\mobileye embedded\Annak\annak_git\Annak\myGame\Images.cpp(316,38): warning C4244:         ]
C:\האחסון שלי\תכנות\תשפד\mobileye embedded\Annak\annak_git\Annak\myGame\Images.cpp(320,39): warning C4244: 'argument': conversion from 'double' to '_Tp', possible loss of data
C:\האחסון שלי\תכנות\תשפד\mobileye embedded\Annak\annak_git\Annak\myGame\Images.cpp(320,39): warning C4244:         with
C:\האחסון שלי\תכנות\תשפד\mobileye embedded\Annak\annak_git\Annak\myGame\Images.cpp(320,39): warning C4244:         [
C:\האחסון שלי\תכנות\תשפד\mobileye embedded\Annak\annak_git\Annak\myGame\Images.cpp(320,39): warning C4244:             _Tp=int
C:\האחסון שלי\תכנות\תשפד\mobileye embedded\Annak\annak_git\Annak\myGame\Images.cpp(320,39): warning C4244:         ]
C:\האחסון שלי\תכנות\תשפד\mobileye embedded\Annak\annak_git\Annak\myGame\Images.cpp(320,32): warning C4244: 'argument': conversion from 'double' to '_Tp', possible loss of data
C:\האחסון שלי\תכנות\תשפד\mobileye embedded\Annak\annak_git\Annak\myGame\Images.cpp(320,32): warning C4244:         with
C:\האחסון שלי\תכנות\תשפד\mobileye embedded\Annak\annak_git\Annak\myGame\Images.cpp(320,32): warning C4244:         [
C:\האחסון שלי\תכנות\תשפד\mobileye embedded\Annak\annak_git\Annak\myGame\Images.cpp(320,32): warning C4244:             _Tp=int
C:\האחסון שלי\תכנות\תשפד\mobileye embedded\Annak\annak_git\Annak\myGame\Images.cpp(320,32): warning C4244:         ]
C:\האחסון שלי\תכנות\תשפד\mobileye embedded\Annak\annak_git\Annak\myGame\Images.cpp(320,25): warning C4244: 'argument': conversion from 'double' to '_Tp', possible loss of data
C:\האחסון שלי\תכנות\תשפד\mobileye embedded\Annak\annak_git\Annak\myGame\Images.cpp(320,25): warning C4244:         with
C:\האחסון שלי\תכנות\תשפד\mobileye embedded\Annak\annak_git\Annak\myGame\Images.cpp(320,25): warning C4244:         [
C:\האחסון שלי\תכנות\תשפד\mobileye embedded\Annak\annak_git\Annak\myGame\Images.cpp(320,25): warning C4244:             _Tp=int
C:\האחסון שלי\תכנות\תשפד\mobileye embedded\Annak\annak_git\Annak\myGame\Images.cpp(320,25): warning C4244:         ]
C:\האחסון שלי\תכנות\תשפד\mobileye embedded\Annak\annak_git\Annak\myGame\Images.cpp(320,16): warning C4244: 'argument': conversion from 'double' to '_Tp', possible loss of data
C:\האחסון שלי\תכנות\תשפד\mobileye embedded\Annak\annak_git\Annak\myGame\Images.cpp(320,16): warning C4244:         with
C:\האחסון שלי\תכנות\תשפד\mobileye embedded\Annak\annak_git\Annak\myGame\Images.cpp(320,16): warning C4244:         [
C:\האחסון שלי\תכנות\תשפד\mobileye embedded\Annak\annak_git\Annak\myGame\Images.cpp(320,16): warning C4244:             _Tp=int
C:\האחסון שלי\תכנות\תשפד\mobileye embedded\Annak\annak_git\Annak\myGame\Images.cpp(320,16): warning C4244:         ]
  Input.cpp
  myGame.cpp
  ReadJson.cpp
  Tile.cpp
  Vehicle.cpp
  World.cpp
  Generating Code...
  myGame.vcxproj -> C:\האחסון שלי\תכנות\תשפד\mobileye embedded\Annak\annak_git\Annak\x64\Debug\myGame.exe
